Determining if the Q_WS_WIN exist failed with the following output:
Change Dir: /home/anochjhn/Documents/EclipseProject/RoboticsProjectOne/Build/CMakeFiles/CMakeTmp

Run Build Command:/usr/bin/make "cmTryCompileExec3936035440/fast"
/usr/bin/make -f CMakeFiles/cmTryCompileExec3936035440.dir/build.make CMakeFiles/cmTryCompileExec3936035440.dir/build
make[1]: Entering directory `/home/anochjhn/Documents/EclipseProject/RoboticsProjectOne/Build/CMakeFiles/CMakeTmp'
/usr/bin/cmake -E cmake_progress_report /home/anochjhn/Documents/EclipseProject/RoboticsProjectOne/Build/CMakeFiles/CMakeTmp/CMakeFiles 1
Building CXX object CMakeFiles/cmTryCompileExec3936035440.dir/CheckSymbolExists.cxx.o
/usr/bin/c++    -I/usr/include/qt4    -o CMakeFiles/cmTryCompileExec3936035440.dir/CheckSymbolExists.cxx.o -c /home/anochjhn/Documents/EclipseProject/RoboticsProjectOne/Build/CMakeFiles/CMakeTmp/CheckSymbolExists.cxx
/home/anochjhn/Documents/EclipseProject/RoboticsProjectOne/Build/CMakeFiles/CMakeTmp/CheckSymbolExists.cxx: In function ‘int main(int, char**)’:
/home/anochjhn/Documents/EclipseProject/RoboticsProjectOne/Build/CMakeFiles/CMakeTmp/CheckSymbolExists.cxx:8:19: error: ‘Q_WS_WIN’ was not declared in this scope
make[1]: *** [CMakeFiles/cmTryCompileExec3936035440.dir/CheckSymbolExists.cxx.o] Error 1
make[1]: Leaving directory `/home/anochjhn/Documents/EclipseProject/RoboticsProjectOne/Build/CMakeFiles/CMakeTmp'
make: *** [cmTryCompileExec3936035440/fast] Error 2

File /home/anochjhn/Documents/EclipseProject/RoboticsProjectOne/Build/CMakeFiles/CMakeTmp/CheckSymbolExists.cxx:
/* */
#include <QtCore/qglobal.h>

int main(int argc, char** argv)
{
  (void)argv;
#ifndef Q_WS_WIN
  return ((int*)(&Q_WS_WIN))[argc];
#else
  (void)argc;
  return 0;
#endif
}

Determining if the Q_WS_QWS exist failed with the following output:
Change Dir: /home/anochjhn/Documents/EclipseProject/RoboticsProjectOne/Build/CMakeFiles/CMakeTmp

Run Build Command:/usr/bin/make "cmTryCompileExec2425337191/fast"
/usr/bin/make -f CMakeFiles/cmTryCompileExec2425337191.dir/build.make CMakeFiles/cmTryCompileExec2425337191.dir/build
make[1]: Entering directory `/home/anochjhn/Documents/EclipseProject/RoboticsProjectOne/Build/CMakeFiles/CMakeTmp'
/usr/bin/cmake -E cmake_progress_report /home/anochjhn/Documents/EclipseProject/RoboticsProjectOne/Build/CMakeFiles/CMakeTmp/CMakeFiles 1
Building CXX object CMakeFiles/cmTryCompileExec2425337191.dir/CheckSymbolExists.cxx.o
/usr/bin/c++    -I/usr/include/qt4    -o CMakeFiles/cmTryCompileExec2425337191.dir/CheckSymbolExists.cxx.o -c /home/anochjhn/Documents/EclipseProject/RoboticsProjectOne/Build/CMakeFiles/CMakeTmp/CheckSymbolExists.cxx
/home/anochjhn/Documents/EclipseProject/RoboticsProjectOne/Build/CMakeFiles/CMakeTmp/CheckSymbolExists.cxx: In function ‘int main(int, char**)’:
/home/anochjhn/Documents/EclipseProject/RoboticsProjectOne/Build/CMakeFiles/CMakeTmp/CheckSymbolExists.cxx:8:19: error: ‘Q_WS_QWS’ was not declared in this scope
make[1]: *** [CMakeFiles/cmTryCompileExec2425337191.dir/CheckSymbolExists.cxx.o] Error 1
make[1]: Leaving directory `/home/anochjhn/Documents/EclipseProject/RoboticsProjectOne/Build/CMakeFiles/CMakeTmp'
make: *** [cmTryCompileExec2425337191/fast] Error 2

File /home/anochjhn/Documents/EclipseProject/RoboticsProjectOne/Build/CMakeFiles/CMakeTmp/CheckSymbolExists.cxx:
/* */
#include <QtCore/qglobal.h>

int main(int argc, char** argv)
{
  (void)argv;
#ifndef Q_WS_QWS
  return ((int*)(&Q_WS_QWS))[argc];
#else
  (void)argc;
  return 0;
#endif
}

Determining if the Q_WS_MAC exist failed with the following output:
Change Dir: /home/anochjhn/Documents/EclipseProject/RoboticsProjectOne/Build/CMakeFiles/CMakeTmp

Run Build Command:/usr/bin/make "cmTryCompileExec3217133983/fast"
/usr/bin/make -f CMakeFiles/cmTryCompileExec3217133983.dir/build.make CMakeFiles/cmTryCompileExec3217133983.dir/build
make[1]: Entering directory `/home/anochjhn/Documents/EclipseProject/RoboticsProjectOne/Build/CMakeFiles/CMakeTmp'
/usr/bin/cmake -E cmake_progress_report /home/anochjhn/Documents/EclipseProject/RoboticsProjectOne/Build/CMakeFiles/CMakeTmp/CMakeFiles 1
Building CXX object CMakeFiles/cmTryCompileExec3217133983.dir/CheckSymbolExists.cxx.o
/usr/bin/c++    -I/usr/include/qt4    -o CMakeFiles/cmTryCompileExec3217133983.dir/CheckSymbolExists.cxx.o -c /home/anochjhn/Documents/EclipseProject/RoboticsProjectOne/Build/CMakeFiles/CMakeTmp/CheckSymbolExists.cxx
/home/anochjhn/Documents/EclipseProject/RoboticsProjectOne/Build/CMakeFiles/CMakeTmp/CheckSymbolExists.cxx: In function ‘int main(int, char**)’:
/home/anochjhn/Documents/EclipseProject/RoboticsProjectOne/Build/CMakeFiles/CMakeTmp/CheckSymbolExists.cxx:8:19: error: ‘Q_WS_MAC’ was not declared in this scope
make[1]: *** [CMakeFiles/cmTryCompileExec3217133983.dir/CheckSymbolExists.cxx.o] Error 1
make[1]: Leaving directory `/home/anochjhn/Documents/EclipseProject/RoboticsProjectOne/Build/CMakeFiles/CMakeTmp'
make: *** [cmTryCompileExec3217133983/fast] Error 2

File /home/anochjhn/Documents/EclipseProject/RoboticsProjectOne/Build/CMakeFiles/CMakeTmp/CheckSymbolExists.cxx:
/* */
#include <QtCore/qglobal.h>

int main(int argc, char** argv)
{
  (void)argv;
#ifndef Q_WS_MAC
  return ((int*)(&Q_WS_MAC))[argc];
#else
  (void)argc;
  return 0;
#endif
}

